

*******************************************************************************
Sat Aug 13 23:55:40 2022


FIT:    data read from datafile index 0 using 1:2
        format = x:z
        x range restricted to [10000.0 : 100000.]
        #datapoints = 10
        residuals are weighted equally (unit weight)

function used for fitting: f(x)
	f(x) = a * x + b
fitted parameters initialized with current variable values

iter      chisq       delta/lim  lambda   a             b            
   0 3.5445756504e+10   0.00e+00  4.39e+04    1.000000e+00   1.000000e+00
   8 7.9850637239e+04  -1.01e-01  4.39e-04   -8.806788e-04   2.913903e+03

After 8 iterations the fit converged.
final sum of squares of residuals : 79850.6
rel. change during last iteration : -1.00685e-06

degrees of freedom    (FIT_NDF)                        : 8
rms of residuals      (FIT_STDFIT) = sqrt(WSSR/ndf)    : 99.9066
variance of residuals (reduced chisquare) = WSSR/ndf   : 9981.33

Final set of parameters            Asymptotic Standard Error
=======================            ==========================
a               = -0.000880679     +/- 0.0011       (124.9%)
b               = 2913.9           +/- 68.25        (2.342%)

correlation matrix of the fit parameters:
                a      b      
a               1.000 
b              -0.886  1.000 


*******************************************************************************
Sat Aug 13 23:59:23 2022


FIT:    data read from datafile index 0 using 1:2
        format = x:z
        x range restricted to [10000.0 : 100000.]
BREAK: No data to fit

*******************************************************************************
Sun Aug 14 00:06:26 2022


FIT:    data read from 'counting_sort.data' using 1:2
        format = x:z
        x range restricted to [10000.0 : 100000.]
BREAK: No data to fit

*******************************************************************************
Sun Aug 14 00:07:45 2022


FIT:    data read from 'counting_sort.data' using 1:($2-$3):($2+$3)
        format = x:z:s
        x range restricted to [10000.0 : 100000.]
BREAK: No data to fit

*******************************************************************************
Sun Aug 14 00:22:39 2022


FIT:    data read from datafile index 0 using 1:2
        format = x:z
        x range restricted to [10000.0 : 100000.]
BREAK: No data to fit

*******************************************************************************
Sun Aug 14 00:23:02 2022


FIT:    data read from datafile index 0 using 1:2
        format = x:z
        x range restricted to [10000.0 : 100000.]
BREAK: No data to fit

*******************************************************************************
Sun Aug 14 00:23:41 2022


FIT:    data read from datafile index 0 using 1:2:3
        format = x:z:s
        x range restricted to [10000.0 : 100000.]
BREAK: No data to fit

*******************************************************************************
Sun Aug 14 00:25:04 2022


FIT:    data read from datafile index 0 using 1:2
        format = x:z
        x range restricted to [10000.0 : 100000.]
BREAK: No data to fit

*******************************************************************************
Sun Aug 14 00:26:04 2022


FIT:    data read from datafile index 0 using 1:2
        format = x:z
        x range restricted to [10000.0 : 100000.]
BREAK: No data to fit

*******************************************************************************
Sun Aug 14 00:26:16 2022


FIT:    data read from datafile index 0 using 1:2
        format = x:z
        x range restricted to [10000.0 : 100000.]
BREAK: No data to fit

*******************************************************************************
Sun Aug 14 00:26:40 2022


FIT:    data read from datafile index 0 using 1:2
        format = x:z
        x range restricted to [10000.0 : 100000.]
BREAK: No data to fit

*******************************************************************************
Sun Aug 14 00:26:59 2022


FIT:    data read from datafile index 0 using 1:2:3
        format = x:z:s
        x range restricted to [10000.0 : 100000.]
BREAK: No data to fit

*******************************************************************************
Sun Aug 14 00:28:03 2022


FIT:    data read from datafile index 0 using 1:2
        format = x:z
        x range restricted to [10000.0 : 100000.]
BREAK: No data to fit

*******************************************************************************
Sun Aug 14 00:28:32 2022


FIT:    data read from datafile index 0 using 1:2
        format = x:z
        x range restricted to [10000.0 : 100000.]
BREAK: No data to fit

*******************************************************************************
Sun Aug 14 00:29:09 2022


FIT:    data read from datafile index 0 using 1:2:3
        format = x:z:s
        x range restricted to [10000.0 : 100000.]
BREAK: No data to fit

*******************************************************************************
Sun Aug 14 00:29:52 2022


FIT:    data read from datafile index 0 using 1:2
        format = x:z
        x range restricted to [10000.0 : 100000.]
BREAK: No data to fit

*******************************************************************************
Sun Aug 14 00:31:44 2022


FIT:    data read from datafile index 0 using 1:2
        format = x:z
        x range restricted to [10000.0 : 100000.]
BREAK: No data to fit

*******************************************************************************
Sun Aug 14 00:32:53 2022


FIT:    data read from datafile index 0 using 1:2
        format = x:z
        x range restricted to [100000. : 1.00000e+06]
        #datapoints = 10
        residuals are weighted equally (unit weight)

function used for fitting: f(x)
	f(x) = a * x + b
fitted parameters initialized with current variable values

iter      chisq       delta/lim  lambda   a             b            
   0 3.7739244825e+12   0.00e+00  4.39e+05    1.000000e+00   1.000000e+00
   9 1.6128106663e+05  -2.78e-01  4.39e-04    1.238146e-04   6.874102e+03

After 9 iterations the fit converged.
final sum of squares of residuals : 161281
rel. change during last iteration : -2.77532e-06

degrees of freedom    (FIT_NDF)                        : 8
rms of residuals      (FIT_STDFIT) = sqrt(WSSR/ndf)    : 141.986
variance of residuals (reduced chisquare) = WSSR/ndf   : 20160.1

Final set of parameters            Asymptotic Standard Error
=======================            ==========================
a               = 0.000123815      +/- 0.0001563    (126.3%)
b               = 6874.1           +/- 97           (1.411%)

correlation matrix of the fit parameters:
                a      b      
a               1.000 
b              -0.886  1.000 


*******************************************************************************
Sun Aug 14 00:38:43 2022


FIT:    data read from datafile index 0 using 1:2
        format = x:z
        x range restricted to [100000. : 1.00000e+06]
        #datapoints = 2
        residuals are weighted equally (unit weight)

function used for fitting: f(x)
	f(x) = a * x + b
fitted parameters initialized with current variable values

iter      chisq       delta/lim  lambda   a             b            
   0 1.4681500678e+09   0.00e+00  4.86e+03    1.238146e-04   6.874102e+03
   7 0.0000000000e+00  -inf       4.86e-04   -1.575800e-03   3.523930e+04

After 7 iterations the fit converged.
final sum of squares of residuals : 0
abs. change during last iteration : -3.74865e-19


Exactly as many data points as there are parameters.
In this degenerate case, all errors are zero by definition.

Final set of parameters 
======================= 

a               = -0.0015758     
b               = 35239.3        


*******************************************************************************
Sun Aug 14 00:39:26 2022


FIT:    data read from datafile index 0 using 1:2
        format = x:z
        x range restricted to [500000. : 5.00000e+06]
        #datapoints = 10
        residuals are weighted equally (unit weight)

function used for fitting: f(x)
	f(x) = a * x + b
fitted parameters initialized with current variable values

iter      chisq       delta/lim  lambda   a             b            
   0 9.4447322804e+13   0.00e+00  2.19e+06    1.000000e+00   1.000000e+00
   4 2.4357341065e+09  -8.90e-02  2.19e+02    9.421589e-03   1.015156e+00

After 4 iterations the fit converged.
final sum of squares of residuals : 2.43573e+09
rel. change during last iteration : -8.8961e-07

degrees of freedom    (FIT_NDF)                        : 8
rms of residuals      (FIT_STDFIT) = sqrt(WSSR/ndf)    : 17449
variance of residuals (reduced chisquare) = WSSR/ndf   : 3.04467e+08

Final set of parameters            Asymptotic Standard Error
=======================            ==========================
a               = 0.00942159       +/- 0.003842     (40.78%)
b               = 1.01516          +/- 1.192e+04    (1.174e+06%)

correlation matrix of the fit parameters:
                a      b      
a               1.000 
b              -0.886  1.000 


*******************************************************************************
Sun Aug 14 00:42:04 2022


FIT:    data read from datafile index 0
        format = z
        x range restricted to [500000. : 5.00000e+06]
        #datapoints = 10
        residuals are weighted equally (unit weight)

function used for fitting: f(x)
	f(x) = a * x + k + b
fitted parameters initialized with current variable values

iter      chisq       delta/lim  lambda   a             k             b            
   0 9.4447377142e+13   0.00e+00  1.79e+06    1.000000e+00   1.000000e+00   1.000000e+00
   3 2.4355918158e+09  -4.51e-01  1.79e+03    9.421307e-03   1.000227e+00   1.000227e+00

After 3 iterations the fit converged.
final sum of squares of residuals : 2.43559e+09
rel. change during last iteration : -4.50711e-06

degrees of freedom    (FIT_NDF)                        : 7
rms of residuals      (FIT_STDFIT) = sqrt(WSSR/ndf)    : 18653.2
variance of residuals (reduced chisquare) = WSSR/ndf   : 3.47942e+08

Final set of parameters            Asymptotic Standard Error
=======================            ==========================
a               = 0.00942131       +/- 0.004107     (43.6%)
k               = 1.00023          +/- 1.94e+20     (1.94e+22%)
b               = 1.00023          +/- 1.94e+20     (1.94e+22%)

correlation matrix of the fit parameters:
                a      k      b      
a               1.000 
k              -0.000  1.000 
b               0.000 -1.000  1.000 


*******************************************************************************
Sun Aug 14 00:46:41 2022


FIT:    data read from datafile index 0
        format = z
        x range restricted to [500000. : 5.00000e+06]
        #datapoints = 20
        residuals are weighted equally (unit weight)

function used for fitting: f(x)
	f(x) = a * x + k + b
fitted parameters initialized with current variable values

iter      chisq       delta/lim  lambda   a             k             b            
   0 1.8885983404e+14   0.00e+00  1.79e+06    1.000000e+00   1.000000e+00   1.000000e+00
   3 4.9414155744e+09  -3.38e-02  1.79e+03    9.513060e-03   1.000457e+00   1.000457e+00

After 3 iterations the fit converged.
final sum of squares of residuals : 4.94142e+09
rel. change during last iteration : -3.38431e-07

degrees of freedom    (FIT_NDF)                        : 17
rms of residuals      (FIT_STDFIT) = sqrt(WSSR/ndf)    : 17049.1
variance of residuals (reduced chisquare) = WSSR/ndf   : 2.90672e+08

Final set of parameters            Asymptotic Standard Error
=======================            ==========================
a               = 0.00951306       +/- 0.003871     (40.69%)
k               = 1.00046          +/- 4.962e+19    (4.96e+21%)
b               = 1.00046          +/- 4.962e+19    (4.96e+21%)

correlation matrix of the fit parameters:
                a      k      b      
a               1.000 
k               0.679  1.000 
b              -0.679 -1.000  1.000 


*******************************************************************************
Sun Aug 14 00:49:54 2022


FIT:    data read from datafile index 0
        format = z
        x range restricted to [500000. : 5.00000e+06]
        #datapoints = 20
        residuals are weighted equally (unit weight)

function used for fitting: f(x)
	f(x) = a * (x + k) + b
fitted parameters initialized with current variable values

iter      chisq       delta/lim  lambda   a             k             b            
   0 1.8885983404e+14   0.00e+00  1.79e+06    1.000000e+00   1.000000e+00   1.000000e+00
   3 4.9417034124e+09  -3.12e-02  1.79e+03    9.513344e-03   1.000004e+00   1.000457e+00

After 3 iterations the fit converged.
final sum of squares of residuals : 4.9417e+09
rel. change during last iteration : -3.11808e-07

degrees of freedom    (FIT_NDF)                        : 17
rms of residuals      (FIT_STDFIT) = sqrt(WSSR/ndf)    : 17049.6
variance of residuals (reduced chisquare) = WSSR/ndf   : 2.90688e+08

Final set of parameters            Asymptotic Standard Error
=======================            ==========================
a               = 0.00951334       +/- 0.004849     (50.97%)
k               = 1                +/- 2.205e+12    (2.205e+14%)
b               = 1.00046          +/- 2.097e+10    (2.096e+12%)

correlation matrix of the fit parameters:
                a      k      b      
a               1.000 
k              -0.837  1.000 
b               0.837 -1.000  1.000 
